<?xml version="1.0" encoding="UTF-8"?>
<testsuite xmlns:xsi="http://www.w3.org/2001/XMLSchema-instance" xsi:noNamespaceSchemaLocation="https://maven.apache.org/surefire/maven-surefire-plugin/xsd/surefire-test-report.xsd" version="3.0.2" name="org.csystem.util.numeric.IsPrimeHighTest" time="0.014" tests="1" errors="0" skipped="1" failures="0">
  <properties>
[...]
</properties>
  <testcase name="givenValues_whenHighPrime_thenTrue(long)" classname="org.csystem.util.numeric.IsPrimeHighTest" time="0.0">
    <skipped message="It can take too much time in some computers"/>
  </testcase>
</testsuite>